[debug] [2020-07-28T02:56:46.720Z] ----------------------------------------------------------------------
[debug] [2020-07-28T02:56:46.722Z] Command:       /Users/mac/.nvm/versions/node/v12.16.2/bin/node /usr/local/bin/firebase init
[debug] [2020-07-28T02:56:46.722Z] CLI Version:   4.2.1
[debug] [2020-07-28T02:56:46.722Z] Platform:      darwin
[debug] [2020-07-28T02:56:46.722Z] Node Version:  v12.16.2
[debug] [2020-07-28T02:56:46.723Z] Time:          Mon Jul 27 2020 19:56:46 GMT-0700 (Pacific Daylight Time)
[debug] [2020-07-28T02:56:46.723Z] ----------------------------------------------------------------------
[debug] 
[debug] [2020-07-28T02:56:46.732Z] > command requires scopes: ["email","openid","https://www.googleapis.com/auth/cloudplatformprojects.readonly","https://www.googleapis.com/auth/firebase"]
[debug] [2020-07-28T02:56:46.733Z] > authorizing via signed-in user
[info] 
     🔥🔥🔥🔥🔥🔥🔥🔥 🔥🔥🔥🔥 🔥🔥🔥🔥🔥🔥🔥🔥  🔥🔥🔥🔥🔥🔥🔥🔥 🔥🔥🔥🔥🔥🔥🔥🔥     🔥🔥🔥     🔥🔥🔥🔥🔥🔥  🔥🔥🔥🔥🔥🔥🔥🔥
     🔥🔥        🔥🔥  🔥🔥     🔥🔥 🔥🔥       🔥🔥     🔥🔥  🔥🔥   🔥🔥  🔥🔥       🔥🔥
     🔥🔥🔥🔥🔥🔥    🔥🔥  🔥🔥🔥🔥🔥🔥🔥🔥  🔥🔥🔥🔥🔥🔥   🔥🔥🔥🔥🔥🔥🔥🔥  🔥🔥🔥🔥🔥🔥🔥🔥🔥  🔥🔥🔥🔥🔥🔥  🔥🔥🔥🔥🔥🔥
     🔥🔥        🔥🔥  🔥🔥    🔥🔥  🔥🔥       🔥🔥     🔥🔥 🔥🔥     🔥🔥       🔥🔥 🔥🔥
     🔥🔥       🔥🔥🔥🔥 🔥🔥     🔥🔥 🔥🔥🔥🔥🔥🔥🔥🔥 🔥🔥🔥🔥🔥🔥🔥🔥  🔥🔥     🔥🔥  🔥🔥🔥🔥🔥🔥  🔥🔥🔥🔥🔥🔥🔥🔥

You're about to initialize a Firebase project in this directory:

  /Volumes/WORK/works/ben/tina/freelancer/0719/reactnative/firebase_functions

Before we get started, keep in mind:

  * You are currently outside your home directory

[info] 
=== Project Setup
[info] 
[info] First, let's associate this project directory with a Firebase project.
[info] You can create multiple project aliases by running firebase use --add, 
[info] but for now we'll just set up a default project.
[info] 
[debug] [2020-07-28T02:57:20.417Z] > refreshing access token with scopes: ["email","https://www.googleapis.com/auth/cloudplatformprojects.readonly","https://www.googleapis.com/auth/firebase","openid"]
[debug] [2020-07-28T02:57:20.418Z] >>> HTTP REQUEST POST https://www.googleapis.com/oauth2/v3/token  

[debug] [2020-07-28T02:57:21.644Z] <<< HTTP RESPONSE 200
[debug] [2020-07-28T02:57:21.821Z] >>> HTTP REQUEST GET https://admin.firebase.com/v1/projects  
 
[debug] [2020-07-28T02:59:30.112Z] Error: read ECONNRESET
    at TLSWrap.onStreamRead (internal/stream_base_commons.js:205:27)
[error] 
[error] Error: Server Error. read ECONNRESET
[debug] [2020-07-28T02:59:48.382Z] ----------------------------------------------------------------------
[debug] [2020-07-28T02:59:48.384Z] Command:       /Users/mac/.nvm/versions/node/v12.16.2/bin/node /usr/local/bin/firebase init
[debug] [2020-07-28T02:59:48.384Z] CLI Version:   4.2.1
[debug] [2020-07-28T02:59:48.384Z] Platform:      darwin
[debug] [2020-07-28T02:59:48.385Z] Node Version:  v12.16.2
[debug] [2020-07-28T02:59:48.386Z] Time:          Mon Jul 27 2020 19:59:48 GMT-0700 (Pacific Daylight Time)
[debug] [2020-07-28T02:59:48.386Z] ----------------------------------------------------------------------
[debug] 
[debug] [2020-07-28T02:59:48.394Z] > command requires scopes: ["email","openid","https://www.googleapis.com/auth/cloudplatformprojects.readonly","https://www.googleapis.com/auth/firebase"]
[debug] [2020-07-28T02:59:48.394Z] > authorizing via signed-in user
[info] 
     🔥🔥🔥🔥🔥🔥🔥🔥 🔥🔥🔥🔥 🔥🔥🔥🔥🔥🔥🔥🔥  🔥🔥🔥🔥🔥🔥🔥🔥 🔥🔥🔥🔥🔥🔥🔥🔥     🔥🔥🔥     🔥🔥🔥🔥🔥🔥  🔥🔥🔥🔥🔥🔥🔥🔥
     🔥🔥        🔥🔥  🔥🔥     🔥🔥 🔥🔥       🔥🔥     🔥🔥  🔥🔥   🔥🔥  🔥🔥       🔥🔥
     🔥🔥🔥🔥🔥🔥    🔥🔥  🔥🔥🔥🔥🔥🔥🔥🔥  🔥🔥🔥🔥🔥🔥   🔥🔥🔥🔥🔥🔥🔥🔥  🔥🔥🔥🔥🔥🔥🔥🔥🔥  🔥🔥🔥🔥🔥🔥  🔥🔥🔥🔥🔥🔥
     🔥🔥        🔥🔥  🔥🔥    🔥🔥  🔥🔥       🔥🔥     🔥🔥 🔥🔥     🔥🔥       🔥🔥 🔥🔥
     🔥🔥       🔥🔥🔥🔥 🔥🔥     🔥🔥 🔥🔥🔥🔥🔥🔥🔥🔥 🔥🔥🔥🔥🔥🔥🔥🔥  🔥🔥     🔥🔥  🔥🔥🔥🔥🔥🔥  🔥🔥🔥🔥🔥🔥🔥🔥

You're about to initialize a Firebase project in this directory:

  /Volumes/WORK/works/ben/tina/freelancer/0719/reactnative/firebase_functions

Before we get started, keep in mind:

  * You are currently outside your home directory

[info] 
=== Project Setup
[info] 
[info] First, let's associate this project directory with a Firebase project.
[info] You can create multiple project aliases by running firebase use --add, 
[info] but for now we'll just set up a default project.
[info] 
[debug] [2020-07-28T02:59:55.236Z] >>> HTTP REQUEST GET https://admin.firebase.com/v1/projects  
 
[debug] [2020-07-28T03:02:03.626Z] Error: read ECONNRESET
    at TLSWrap.onStreamRead (internal/stream_base_commons.js:205:27)
[error] 
[error] Error: Server Error. read ECONNRESET
